mode: set
github.com/streamdal/streamdal/sdks/go/kv/kv.go:53.36,54.44 1 1
github.com/streamdal/streamdal/sdks/go/kv/kv.go:54.44,56.3 1 0
github.com/streamdal/streamdal/sdks/go/kv/kv.go:58.2,63.8 1 1
github.com/streamdal/streamdal/sdks/go/kv/kv.go:66.45,70.31 3 1
github.com/streamdal/streamdal/sdks/go/kv/kv.go:70.31,72.3 1 1
github.com/streamdal/streamdal/sdks/go/kv/kv.go:74.2,74.18 1 1
github.com/streamdal/streamdal/sdks/go/kv/kv.go:77.49,81.29 3 1
github.com/streamdal/streamdal/sdks/go/kv/kv.go:81.29,84.3 2 1
github.com/streamdal/streamdal/sdks/go/kv/kv.go:86.2,87.14 2 1
github.com/streamdal/streamdal/sdks/go/kv/kv.go:90.38,96.29 4 1
github.com/streamdal/streamdal/sdks/go/kv/kv.go:96.29,98.3 1 1
github.com/streamdal/streamdal/sdks/go/kv/kv.go:100.2,102.15 2 1
github.com/streamdal/streamdal/sdks/go/kv/kv.go:105.38,109.29 3 1
github.com/streamdal/streamdal/sdks/go/kv/kv.go:109.29,111.3 1 1
github.com/streamdal/streamdal/sdks/go/kv/kv.go:113.2,113.14 1 1
github.com/streamdal/streamdal/sdks/go/kv/kv.go:116.28,124.2 5 1
github.com/streamdal/streamdal/sdks/go/kv/kv.go:126.30,134.25 5 1
github.com/streamdal/streamdal/sdks/go/kv/kv.go:134.25,137.3 2 1
github.com/streamdal/streamdal/sdks/go/kv/kv.go:139.2,139.13 1 1
github.com/streamdal/streamdal/sdks/go/kv/kv.go:142.28,147.2 3 1
github.com/streamdal/streamdal/sdks/go/kv/kv.go:149.40,150.16 1 1
github.com/streamdal/streamdal/sdks/go/kv/kv.go:150.16,152.3 1 1
github.com/streamdal/streamdal/sdks/go/kv/kv.go:154.2,154.23 1 1
github.com/streamdal/streamdal/sdks/go/kv/kv.go:154.23,156.3 1 1
github.com/streamdal/streamdal/sdks/go/kv/kv.go:158.2,158.12 1 1
github.com/streamdal/streamdal/sdks/go/validate/validate.go:14.40,16.2 1 1
github.com/streamdal/streamdal/sdks/go/validate/validate.go:18.38,20.2 1 1
github.com/streamdal/streamdal/sdks/go/validate/validate.go:22.39,24.2 1 1
github.com/streamdal/streamdal/sdks/go/validate/validate.go:26.43,27.16 1 1
github.com/streamdal/streamdal/sdks/go/validate/validate.go:27.16,29.3 1 1
github.com/streamdal/streamdal/sdks/go/validate/validate.go:31.2,31.27 1 1
github.com/streamdal/streamdal/sdks/go/validate/validate.go:31.27,33.3 1 1
github.com/streamdal/streamdal/sdks/go/validate/validate.go:35.2,35.29 1 1
github.com/streamdal/streamdal/sdks/go/validate/validate.go:35.29,37.3 1 1
github.com/streamdal/streamdal/sdks/go/validate/validate.go:39.2,39.29 1 1
github.com/streamdal/streamdal/sdks/go/validate/validate.go:39.29,41.3 1 1
github.com/streamdal/streamdal/sdks/go/validate/validate.go:43.2,43.68 1 1
github.com/streamdal/streamdal/sdks/go/validate/validate.go:43.68,45.3 1 1
github.com/streamdal/streamdal/sdks/go/validate/validate.go:47.2,47.12 1 1
github.com/streamdal/streamdal/sdks/go/validate/validate.go:50.53,51.16 1 0
github.com/streamdal/streamdal/sdks/go/validate/validate.go:51.16,53.3 1 0
github.com/streamdal/streamdal/sdks/go/validate/validate.go:55.2,55.34 1 0
github.com/streamdal/streamdal/sdks/go/validate/validate.go:55.34,57.3 1 0
github.com/streamdal/streamdal/sdks/go/validate/validate.go:59.2,59.12 1 0
github.com/streamdal/streamdal/sdks/go/validate/validate.go:62.51,63.14 1 1
github.com/streamdal/streamdal/sdks/go/validate/validate.go:63.14,65.3 1 1
github.com/streamdal/streamdal/sdks/go/validate/validate.go:67.2,67.49 1 1
github.com/streamdal/streamdal/sdks/go/validate/validate.go:67.49,69.3 1 1
github.com/streamdal/streamdal/sdks/go/validate/validate.go:71.2,71.73 1 1
github.com/streamdal/streamdal/sdks/go/validate/validate.go:71.73,73.3 1 1
github.com/streamdal/streamdal/sdks/go/validate/validate.go:75.2,75.12 1 1
github.com/streamdal/streamdal/sdks/go/validate/validate.go:78.57,79.16 1 1
github.com/streamdal/streamdal/sdks/go/validate/validate.go:79.16,81.3 1 1
github.com/streamdal/streamdal/sdks/go/validate/validate.go:83.2,84.17 2 1
github.com/streamdal/streamdal/sdks/go/validate/validate.go:84.17,86.3 1 1
github.com/streamdal/streamdal/sdks/go/validate/validate.go:88.2,89.16 2 1
github.com/streamdal/streamdal/sdks/go/validate/validate.go:89.16,91.3 1 1
github.com/streamdal/streamdal/sdks/go/validate/validate.go:93.2,93.18 1 1
github.com/streamdal/streamdal/sdks/go/validate/validate.go:93.18,95.3 1 1
github.com/streamdal/streamdal/sdks/go/validate/validate.go:97.2,97.47 1 1
github.com/streamdal/streamdal/sdks/go/validate/validate.go:97.47,99.3 1 0
github.com/streamdal/streamdal/sdks/go/validate/validate.go:101.2,101.12 1 1
github.com/streamdal/streamdal/sdks/go/validate/validate.go:104.56,105.16 1 1
github.com/streamdal/streamdal/sdks/go/validate/validate.go:105.16,107.3 1 1
github.com/streamdal/streamdal/sdks/go/validate/validate.go:109.2,110.17 2 1
github.com/streamdal/streamdal/sdks/go/validate/validate.go:110.17,112.3 1 1
github.com/streamdal/streamdal/sdks/go/validate/validate.go:114.2,115.16 2 1
github.com/streamdal/streamdal/sdks/go/validate/validate.go:115.16,117.3 1 1
github.com/streamdal/streamdal/sdks/go/validate/validate.go:119.2,119.18 1 1
github.com/streamdal/streamdal/sdks/go/validate/validate.go:119.18,121.3 1 1
github.com/streamdal/streamdal/sdks/go/validate/validate.go:123.2,123.47 1 1
github.com/streamdal/streamdal/sdks/go/validate/validate.go:123.47,125.3 1 0
github.com/streamdal/streamdal/sdks/go/validate/validate.go:127.2,127.12 1 1
github.com/streamdal/streamdal/sdks/go/validate/validate.go:130.57,131.16 1 0
github.com/streamdal/streamdal/sdks/go/validate/validate.go:131.16,133.3 1 0
github.com/streamdal/streamdal/sdks/go/validate/validate.go:135.2,136.17 2 0
github.com/streamdal/streamdal/sdks/go/validate/validate.go:136.17,138.3 1 0
github.com/streamdal/streamdal/sdks/go/validate/validate.go:140.2,141.16 2 0
github.com/streamdal/streamdal/sdks/go/validate/validate.go:141.16,143.3 1 0
github.com/streamdal/streamdal/sdks/go/validate/validate.go:145.2,145.18 1 0
github.com/streamdal/streamdal/sdks/go/validate/validate.go:145.18,147.3 1 0
github.com/streamdal/streamdal/sdks/go/validate/validate.go:149.2,149.47 1 0
github.com/streamdal/streamdal/sdks/go/validate/validate.go:149.47,151.3 1 0
github.com/streamdal/streamdal/sdks/go/validate/validate.go:153.2,153.12 1 0
github.com/streamdal/streamdal/sdks/go/validate/validate.go:156.58,157.16 1 0
github.com/streamdal/streamdal/sdks/go/validate/validate.go:157.16,159.3 1 0
github.com/streamdal/streamdal/sdks/go/validate/validate.go:161.2,162.17 2 0
github.com/streamdal/streamdal/sdks/go/validate/validate.go:162.17,164.3 1 0
github.com/streamdal/streamdal/sdks/go/validate/validate.go:166.2,167.16 2 0
github.com/streamdal/streamdal/sdks/go/validate/validate.go:167.16,169.3 1 0
github.com/streamdal/streamdal/sdks/go/validate/validate.go:171.2,171.18 1 0
github.com/streamdal/streamdal/sdks/go/validate/validate.go:171.18,173.3 1 0
github.com/streamdal/streamdal/sdks/go/validate/validate.go:175.2,175.47 1 0
github.com/streamdal/streamdal/sdks/go/validate/validate.go:175.47,177.3 1 0
github.com/streamdal/streamdal/sdks/go/validate/validate.go:179.2,179.12 1 0
github.com/streamdal/streamdal/sdks/go/validate/validate.go:182.44,183.15 1 1
github.com/streamdal/streamdal/sdks/go/validate/validate.go:183.15,185.3 1 1
github.com/streamdal/streamdal/sdks/go/validate/validate.go:187.2,187.12 1 1
github.com/streamdal/streamdal/sdks/go/metrics/counter.go:19.51,25.2 4 1
github.com/streamdal/streamdal/sdks/go/metrics/counter.go:27.46,32.2 3 1
github.com/streamdal/streamdal/sdks/go/metrics/counter.go:35.36,40.2 3 1
github.com/streamdal/streamdal/sdks/go/metrics/counter.go:42.49,46.2 3 1
github.com/streamdal/streamdal/sdks/go/metrics/counter.go:48.48,51.29 3 1
github.com/streamdal/streamdal/sdks/go/metrics/counter.go:51.29,53.3 1 1
github.com/streamdal/streamdal/sdks/go/metrics/counter.go:54.2,54.37 1 1
github.com/streamdal/streamdal/sdks/go/metrics/counter.go:57.27,62.2 3 1
github.com/streamdal/streamdal/sdks/go/metrics/metrics.go:79.41,80.44 1 1
github.com/streamdal/streamdal/sdks/go/metrics/metrics.go:80.44,82.3 1 0
github.com/streamdal/streamdal/sdks/go/metrics/metrics.go:84.2,96.47 2 1
github.com/streamdal/streamdal/sdks/go/metrics/metrics.go:96.47,102.3 2 1
github.com/streamdal/streamdal/sdks/go/metrics/metrics.go:105.2,112.15 5 1
github.com/streamdal/streamdal/sdks/go/metrics/metrics.go:115.40,116.16 1 1
github.com/streamdal/streamdal/sdks/go/metrics/metrics.go:116.16,118.3 1 1
github.com/streamdal/streamdal/sdks/go/metrics/metrics.go:120.2,120.29 1 1
github.com/streamdal/streamdal/sdks/go/metrics/metrics.go:120.29,122.3 1 1
github.com/streamdal/streamdal/sdks/go/metrics/metrics.go:124.2,124.28 1 1
github.com/streamdal/streamdal/sdks/go/metrics/metrics.go:124.28,126.3 1 1
github.com/streamdal/streamdal/sdks/go/metrics/metrics.go:128.2,130.12 2 1
github.com/streamdal/streamdal/sdks/go/metrics/metrics.go:133.33,134.27 1 1
github.com/streamdal/streamdal/sdks/go/metrics/metrics.go:134.27,136.3 1 1
github.com/streamdal/streamdal/sdks/go/metrics/metrics.go:138.2,138.29 1 1
github.com/streamdal/streamdal/sdks/go/metrics/metrics.go:138.29,140.3 1 1
github.com/streamdal/streamdal/sdks/go/metrics/metrics.go:142.2,142.24 1 1
github.com/streamdal/streamdal/sdks/go/metrics/metrics.go:142.24,144.3 1 1
github.com/streamdal/streamdal/sdks/go/metrics/metrics.go:147.2,147.29 1 1
github.com/streamdal/streamdal/sdks/go/metrics/metrics.go:147.29,149.3 1 1
github.com/streamdal/streamdal/sdks/go/metrics/metrics.go:151.2,151.20 1 1
github.com/streamdal/streamdal/sdks/go/metrics/metrics.go:151.20,153.3 1 1
github.com/streamdal/streamdal/sdks/go/metrics/metrics.go:156.76,157.52 1 1
github.com/streamdal/streamdal/sdks/go/metrics/metrics.go:157.52,159.3 1 0
github.com/streamdal/streamdal/sdks/go/metrics/metrics.go:163.2,165.12 2 1
github.com/streamdal/streamdal/sdks/go/metrics/metrics.go:168.60,169.18 1 1
github.com/streamdal/streamdal/sdks/go/metrics/metrics.go:169.18,171.3 1 1
github.com/streamdal/streamdal/sdks/go/metrics/metrics.go:173.2,173.22 1 1
github.com/streamdal/streamdal/sdks/go/metrics/metrics.go:173.22,175.3 1 1
github.com/streamdal/streamdal/sdks/go/metrics/metrics.go:177.2,177.12 1 1
github.com/streamdal/streamdal/sdks/go/metrics/metrics.go:180.62,192.2 5 1
github.com/streamdal/streamdal/sdks/go/metrics/metrics.go:194.70,198.53 3 1
github.com/streamdal/streamdal/sdks/go/metrics/metrics.go:198.53,200.3 1 0
github.com/streamdal/streamdal/sdks/go/metrics/metrics.go:202.2,202.19 1 1
github.com/streamdal/streamdal/sdks/go/metrics/metrics.go:206.53,212.47 4 1
github.com/streamdal/streamdal/sdks/go/metrics/metrics.go:212.47,214.3 1 1
github.com/streamdal/streamdal/sdks/go/metrics/metrics.go:216.2,216.22 1 1
github.com/streamdal/streamdal/sdks/go/metrics/metrics.go:219.76,222.8 2 1
github.com/streamdal/streamdal/sdks/go/metrics/metrics.go:222.8,225.3 2 0
github.com/streamdal/streamdal/sdks/go/metrics/metrics.go:227.2,230.12 3 1
github.com/streamdal/streamdal/sdks/go/metrics/metrics.go:235.74,247.27 5 1
github.com/streamdal/streamdal/sdks/go/metrics/metrics.go:247.27,249.15 1 1
github.com/streamdal/streamdal/sdks/go/metrics/metrics.go:249.15,252.4 2 1
github.com/streamdal/streamdal/sdks/go/metrics/metrics.go:254.3,254.10 1 1
github.com/streamdal/streamdal/sdks/go/metrics/metrics.go:255.35,256.45 1 1
github.com/streamdal/streamdal/sdks/go/metrics/metrics.go:257.38,259.50 2 0
github.com/streamdal/streamdal/sdks/go/metrics/metrics.go:260.31,265.14 4 1
github.com/streamdal/streamdal/sdks/go/metrics/metrics.go:268.3,268.17 1 1
github.com/streamdal/streamdal/sdks/go/metrics/metrics.go:268.17,270.4 1 0
github.com/streamdal/streamdal/sdks/go/metrics/metrics.go:272.3,272.108 1 1
github.com/streamdal/streamdal/sdks/go/metrics/metrics.go:272.108,279.73 4 0
github.com/streamdal/streamdal/sdks/go/metrics/metrics.go:279.73,284.5 3 0
github.com/streamdal/streamdal/sdks/go/metrics/metrics.go:287.3,287.13 1 1
github.com/streamdal/streamdal/sdks/go/metrics/metrics.go:290.2,290.46 1 1
github.com/streamdal/streamdal/sdks/go/metrics/metrics.go:293.38,300.42 4 1
github.com/streamdal/streamdal/sdks/go/metrics/metrics.go:300.42,302.15 1 1
github.com/streamdal/streamdal/sdks/go/metrics/metrics.go:302.15,305.4 2 1
github.com/streamdal/streamdal/sdks/go/metrics/metrics.go:307.3,307.10 1 1
github.com/streamdal/streamdal/sdks/go/metrics/metrics.go:308.19,311.37 2 1
github.com/streamdal/streamdal/sdks/go/metrics/metrics.go:311.37,315.26 2 1
github.com/streamdal/streamdal/sdks/go/metrics/metrics.go:315.26,316.14 1 0
github.com/streamdal/streamdal/sdks/go/metrics/metrics.go:320.5,326.33 3 1
github.com/streamdal/streamdal/sdks/go/metrics/metrics.go:328.31,331.19 3 1
github.com/streamdal/streamdal/sdks/go/metrics/metrics.go:334.3,334.13 1 1
github.com/streamdal/streamdal/sdks/go/metrics/metrics.go:337.2,337.44 1 1
github.com/streamdal/streamdal/sdks/go/metrics/metrics.go:340.38,347.42 4 1
github.com/streamdal/streamdal/sdks/go/metrics/metrics.go:347.42,348.15 1 1
github.com/streamdal/streamdal/sdks/go/metrics/metrics.go:348.15,351.4 2 1
github.com/streamdal/streamdal/sdks/go/metrics/metrics.go:353.3,353.10 1 1
github.com/streamdal/streamdal/sdks/go/metrics/metrics.go:354.19,357.45 2 1
github.com/streamdal/streamdal/sdks/go/metrics/metrics.go:357.45,359.32 1 1
github.com/streamdal/streamdal/sdks/go/metrics/metrics.go:359.32,361.14 2 0
github.com/streamdal/streamdal/sdks/go/metrics/metrics.go:364.5,364.70 1 1
github.com/streamdal/streamdal/sdks/go/metrics/metrics.go:364.70,366.14 2 0
github.com/streamdal/streamdal/sdks/go/metrics/metrics.go:369.5,373.31 4 1
github.com/streamdal/streamdal/sdks/go/metrics/metrics.go:375.31,380.14 4 1
github.com/streamdal/streamdal/sdks/go/metrics/metrics.go:383.3,383.13 1 1
github.com/streamdal/streamdal/sdks/go/metrics/metrics.go:386.2,386.44 1 1
github.com/streamdal/streamdal/sdks/go/audience.go:20.76,22.30 1 1
github.com/streamdal/streamdal/sdks/go/audience.go:22.30,24.3 1 1
github.com/streamdal/streamdal/sdks/go/audience.go:26.2,28.24 2 1
github.com/streamdal/streamdal/sdks/go/audience.go:28.24,30.3 1 1
github.com/streamdal/streamdal/sdks/go/audience.go:32.2,36.12 3 1
github.com/streamdal/streamdal/sdks/go/audience.go:36.12,37.75 1 1
github.com/streamdal/streamdal/sdks/go/audience.go:37.75,39.4 1 1
github.com/streamdal/streamdal/sdks/go/audience.go:43.77,48.2 3 0
github.com/streamdal/streamdal/sdks/go/audience.go:53.55,57.34 3 1
github.com/streamdal/streamdal/sdks/go/audience.go:57.34,60.17 2 1
github.com/streamdal/streamdal/sdks/go/audience.go:60.17,62.12 2 1
github.com/streamdal/streamdal/sdks/go/audience.go:66.3,66.13 1 1
github.com/streamdal/streamdal/sdks/go/audience.go:66.13,67.76 1 1
github.com/streamdal/streamdal/sdks/go/audience.go:67.76,69.5 1 0
github.com/streamdal/streamdal/sdks/go/audience.go:74.80,78.24 3 1
github.com/streamdal/streamdal/sdks/go/audience.go:78.24,80.3 1 1
github.com/streamdal/streamdal/sdks/go/audience.go:82.2,83.11 2 1
github.com/streamdal/streamdal/sdks/go/audience.go:86.62,91.31 4 1
github.com/streamdal/streamdal/sdks/go/audience.go:91.31,93.3 1 0
github.com/streamdal/streamdal/sdks/go/audience.go:95.2,95.13 1 1
github.com/streamdal/streamdal/sdks/go/audience.go:98.44,99.16 1 1
github.com/streamdal/streamdal/sdks/go/audience.go:99.16,101.3 1 1
github.com/streamdal/streamdal/sdks/go/audience.go:103.2,103.126 1 1
github.com/streamdal/streamdal/sdks/go/audience.go:106.44,107.15 1 1
github.com/streamdal/streamdal/sdks/go/audience.go:107.15,109.3 1 1
github.com/streamdal/streamdal/sdks/go/audience.go:111.2,114.21 3 1
github.com/streamdal/streamdal/sdks/go/audience.go:114.21,116.3 1 1
github.com/streamdal/streamdal/sdks/go/audience.go:118.2,119.16 2 1
github.com/streamdal/streamdal/sdks/go/audience.go:119.16,121.3 1 0
github.com/streamdal/streamdal/sdks/go/audience.go:123.2,128.3 1 1
github.com/streamdal/streamdal/sdks/go/audience.go:131.65,138.2 1 1
github.com/streamdal/streamdal/sdks/go/function.go:27.74,31.16 3 1
github.com/streamdal/streamdal/sdks/go/function.go:31.16,33.3 1 0
github.com/streamdal/streamdal/sdks/go/function.go:35.2,35.24 1 1
github.com/streamdal/streamdal/sdks/go/function.go:35.24,37.3 1 0
github.com/streamdal/streamdal/sdks/go/function.go:39.2,41.49 2 1
github.com/streamdal/streamdal/sdks/go/function.go:41.49,44.3 1 0
github.com/streamdal/streamdal/sdks/go/function.go:46.2,47.16 2 1
github.com/streamdal/streamdal/sdks/go/function.go:47.16,49.64 1 0
github.com/streamdal/streamdal/sdks/go/function.go:49.64,51.4 1 0
github.com/streamdal/streamdal/sdks/go/function.go:52.3,52.57 1 0
github.com/streamdal/streamdal/sdks/go/function.go:55.2,59.63 3 1
github.com/streamdal/streamdal/sdks/go/function.go:59.63,61.3 1 0
github.com/streamdal/streamdal/sdks/go/function.go:64.2,65.16 2 1
github.com/streamdal/streamdal/sdks/go/function.go:65.16,67.87 1 0
github.com/streamdal/streamdal/sdks/go/function.go:67.87,69.4 1 0
github.com/streamdal/streamdal/sdks/go/function.go:70.3,70.56 1 0
github.com/streamdal/streamdal/sdks/go/function.go:74.2,74.86 1 1
github.com/streamdal/streamdal/sdks/go/function.go:74.86,76.3 1 0
github.com/streamdal/streamdal/sdks/go/function.go:78.2,78.22 1 1
github.com/streamdal/streamdal/sdks/go/function.go:81.80,85.41 3 1
github.com/streamdal/streamdal/sdks/go/function.go:85.41,87.3 1 1
github.com/streamdal/streamdal/sdks/go/function.go:89.2,89.35 1 1
github.com/streamdal/streamdal/sdks/go/function.go:92.112,95.8 2 1
github.com/streamdal/streamdal/sdks/go/function.go:95.8,97.3 1 1
github.com/streamdal/streamdal/sdks/go/function.go:102.2,108.16 5 1
github.com/streamdal/streamdal/sdks/go/function.go:108.16,110.3 1 0
github.com/streamdal/streamdal/sdks/go/function.go:113.2,115.16 2 1
github.com/streamdal/streamdal/sdks/go/function.go:118.65,122.41 3 1
github.com/streamdal/streamdal/sdks/go/function.go:122.41,124.3 1 1
github.com/streamdal/streamdal/sdks/go/function.go:127.2,129.29 2 1
github.com/streamdal/streamdal/sdks/go/function.go:132.89,148.41 6 1
github.com/streamdal/streamdal/sdks/go/function.go:148.41,150.3 1 1
github.com/streamdal/streamdal/sdks/go/function.go:152.2,153.14 2 1
github.com/streamdal/streamdal/sdks/go/function.go:156.82,158.16 2 1
github.com/streamdal/streamdal/sdks/go/function.go:158.16,160.3 1 0
github.com/streamdal/streamdal/sdks/go/function.go:163.2,164.14 2 1
github.com/streamdal/streamdal/sdks/go/function.go:164.14,166.3 1 0
github.com/streamdal/streamdal/sdks/go/function.go:169.2,170.18 2 1
github.com/streamdal/streamdal/sdks/go/function.go:170.18,172.3 1 0
github.com/streamdal/streamdal/sdks/go/function.go:175.2,176.20 2 1
github.com/streamdal/streamdal/sdks/go/function.go:176.20,178.3 1 0
github.com/streamdal/streamdal/sdks/go/function.go:180.2,187.8 1 1
github.com/streamdal/streamdal/sdks/go/function.go:190.69,196.2 4 1
github.com/streamdal/streamdal/sdks/go/function.go:198.65,203.2 3 1
github.com/streamdal/streamdal/sdks/go/function.go:205.87,210.9 2 1
github.com/streamdal/streamdal/sdks/go/function.go:210.9,213.30 2 1
github.com/streamdal/streamdal/sdks/go/function.go:213.30,216.4 1 0
github.com/streamdal/streamdal/sdks/go/function.go:219.3,220.28 2 1
github.com/streamdal/streamdal/sdks/go/function.go:223.2,230.38 3 1
github.com/streamdal/streamdal/sdks/go/function.go:231.35,234.39 1 1
github.com/streamdal/streamdal/sdks/go/function.go:235.38,237.30 1 1
github.com/streamdal/streamdal/sdks/go/function.go:238.10,239.58 1 0
github.com/streamdal/streamdal/sdks/go/function.go:242.2,250.46 6 1
github.com/streamdal/streamdal/sdks/go/function.go:250.46,252.3 1 0
github.com/streamdal/streamdal/sdks/go/function.go:254.2,254.46 1 1
github.com/streamdal/streamdal/sdks/go/function.go:254.46,256.3 1 0
github.com/streamdal/streamdal/sdks/go/function.go:258.2,270.34 3 1
github.com/streamdal/streamdal/sdks/go/function.go:270.34,274.3 1 1
github.com/streamdal/streamdal/sdks/go/function.go:276.2,276.52 1 1
github.com/streamdal/streamdal/sdks/go/function.go:276.52,278.3 1 0
github.com/streamdal/streamdal/sdks/go/function.go:280.2,281.16 2 1
github.com/streamdal/streamdal/sdks/go/function.go:281.16,283.3 1 0
github.com/streamdal/streamdal/sdks/go/function.go:285.2,285.17 1 1
github.com/streamdal/streamdal/sdks/go/function.go:288.67,290.9 2 1
github.com/streamdal/streamdal/sdks/go/function.go:290.9,292.3 1 0
github.com/streamdal/streamdal/sdks/go/function.go:294.2,294.17 1 1
github.com/streamdal/streamdal/sdks/go/go_sdk.go:328.43,329.44 1 1
github.com/streamdal/streamdal/sdks/go/go_sdk.go:329.44,331.3 1 0
github.com/streamdal/streamdal/sdks/go/go_sdk.go:336.2,336.50 1 1
github.com/streamdal/streamdal/sdks/go/go_sdk.go:336.50,338.3 1 0
github.com/streamdal/streamdal/sdks/go/go_sdk.go:342.2,346.16 4 1
github.com/streamdal/streamdal/sdks/go/go_sdk.go:346.16,349.3 2 0
github.com/streamdal/streamdal/sdks/go/go_sdk.go:351.2,357.16 2 1
github.com/streamdal/streamdal/sdks/go/go_sdk.go:357.16,360.3 2 0
github.com/streamdal/streamdal/sdks/go/go_sdk.go:362.2,365.16 2 1
github.com/streamdal/streamdal/sdks/go/go_sdk.go:365.16,368.3 2 0
github.com/streamdal/streamdal/sdks/go/go_sdk.go:370.2,371.16 2 1
github.com/streamdal/streamdal/sdks/go/go_sdk.go:371.16,374.3 2 0
github.com/streamdal/streamdal/sdks/go/go_sdk.go:376.2,405.16 2 1
github.com/streamdal/streamdal/sdks/go/go_sdk.go:405.16,407.3 1 0
github.com/streamdal/streamdal/sdks/go/go_sdk.go:409.2,409.25 1 1
github.com/streamdal/streamdal/sdks/go/go_sdk.go:409.25,412.3 2 0
github.com/streamdal/streamdal/sdks/go/go_sdk.go:414.2,414.64 1 1
github.com/streamdal/streamdal/sdks/go/go_sdk.go:414.64,416.3 1 0
github.com/streamdal/streamdal/sdks/go/go_sdk.go:418.2,421.12 2 1
github.com/streamdal/streamdal/sdks/go/go_sdk.go:421.12,422.99 1 1
github.com/streamdal/streamdal/sdks/go/go_sdk.go:422.99,424.4 1 0
github.com/streamdal/streamdal/sdks/go/go_sdk.go:428.2,434.9 3 1
github.com/streamdal/streamdal/sdks/go/go_sdk.go:435.22,436.60 1 0
github.com/streamdal/streamdal/sdks/go/go_sdk.go:437.37,439.28 1 1
github.com/streamdal/streamdal/sdks/go/go_sdk.go:439.28,442.4 2 0
github.com/streamdal/streamdal/sdks/go/go_sdk.go:444.3,444.16 1 1
github.com/streamdal/streamdal/sdks/go/go_sdk.go:448.29,451.2 2 1
github.com/streamdal/streamdal/sdks/go/go_sdk.go:453.40,454.16 1 1
github.com/streamdal/streamdal/sdks/go/go_sdk.go:454.16,456.3 1 1
github.com/streamdal/streamdal/sdks/go/go_sdk.go:458.2,458.28 1 1
github.com/streamdal/streamdal/sdks/go/go_sdk.go:458.28,460.3 1 0
github.com/streamdal/streamdal/sdks/go/go_sdk.go:462.2,462.27 1 1
github.com/streamdal/streamdal/sdks/go/go_sdk.go:462.27,464.28 2 1
github.com/streamdal/streamdal/sdks/go/go_sdk.go:464.28,466.4 1 1
github.com/streamdal/streamdal/sdks/go/go_sdk.go:470.2,470.25 1 1
github.com/streamdal/streamdal/sdks/go/go_sdk.go:470.25,472.3 1 0
github.com/streamdal/streamdal/sdks/go/go_sdk.go:475.2,475.27 1 1
github.com/streamdal/streamdal/sdks/go/go_sdk.go:475.27,477.3 1 0
github.com/streamdal/streamdal/sdks/go/go_sdk.go:480.2,480.46 1 1
github.com/streamdal/streamdal/sdks/go/go_sdk.go:480.46,482.3 1 0
github.com/streamdal/streamdal/sdks/go/go_sdk.go:485.2,485.26 1 1
github.com/streamdal/streamdal/sdks/go/go_sdk.go:485.26,487.15 2 1
github.com/streamdal/streamdal/sdks/go/go_sdk.go:487.15,489.4 1 1
github.com/streamdal/streamdal/sdks/go/go_sdk.go:491.3,492.17 2 1
github.com/streamdal/streamdal/sdks/go/go_sdk.go:492.17,494.4 1 1
github.com/streamdal/streamdal/sdks/go/go_sdk.go:496.3,496.28 1 1
github.com/streamdal/streamdal/sdks/go/go_sdk.go:500.2,500.30 1 1
github.com/streamdal/streamdal/sdks/go/go_sdk.go:500.30,502.15 2 1
github.com/streamdal/streamdal/sdks/go/go_sdk.go:502.15,504.4 1 1
github.com/streamdal/streamdal/sdks/go/go_sdk.go:506.3,507.17 2 1
github.com/streamdal/streamdal/sdks/go/go_sdk.go:507.17,509.4 1 0
github.com/streamdal/streamdal/sdks/go/go_sdk.go:511.3,511.32 1 1
github.com/streamdal/streamdal/sdks/go/go_sdk.go:515.2,515.23 1 1
github.com/streamdal/streamdal/sdks/go/go_sdk.go:515.23,517.3 1 0
github.com/streamdal/streamdal/sdks/go/go_sdk.go:520.2,520.73 1 1
github.com/streamdal/streamdal/sdks/go/go_sdk.go:520.73,522.3 1 1
github.com/streamdal/streamdal/sdks/go/go_sdk.go:524.2,524.25 1 1
github.com/streamdal/streamdal/sdks/go/go_sdk.go:524.25,525.28 1 0
github.com/streamdal/streamdal/sdks/go/go_sdk.go:525.28,527.4 1 0
github.com/streamdal/streamdal/sdks/go/go_sdk.go:529.3,529.39 1 0
github.com/streamdal/streamdal/sdks/go/go_sdk.go:529.39,531.4 1 0
github.com/streamdal/streamdal/sdks/go/go_sdk.go:535.2,535.19 1 1
github.com/streamdal/streamdal/sdks/go/go_sdk.go:535.19,537.3 1 1
github.com/streamdal/streamdal/sdks/go/go_sdk.go:539.2,539.34 1 1
github.com/streamdal/streamdal/sdks/go/go_sdk.go:539.34,541.3 1 1
github.com/streamdal/streamdal/sdks/go/go_sdk.go:543.2,543.32 1 1
github.com/streamdal/streamdal/sdks/go/go_sdk.go:543.32,545.3 1 1
github.com/streamdal/streamdal/sdks/go/go_sdk.go:547.2,547.34 1 1
github.com/streamdal/streamdal/sdks/go/go_sdk.go:547.34,549.3 1 1
github.com/streamdal/streamdal/sdks/go/go_sdk.go:551.2,551.12 1 1
github.com/streamdal/streamdal/sdks/go/go_sdk.go:554.56,555.16 1 1
github.com/streamdal/streamdal/sdks/go/go_sdk.go:555.16,557.3 1 1
github.com/streamdal/streamdal/sdks/go/go_sdk.go:559.2,559.29 1 1
github.com/streamdal/streamdal/sdks/go/go_sdk.go:559.29,561.3 1 0
github.com/streamdal/streamdal/sdks/go/go_sdk.go:563.2,563.29 1 1
github.com/streamdal/streamdal/sdks/go/go_sdk.go:563.29,565.3 1 0
github.com/streamdal/streamdal/sdks/go/go_sdk.go:567.2,567.94 1 1
github.com/streamdal/streamdal/sdks/go/go_sdk.go:567.94,569.3 1 0
github.com/streamdal/streamdal/sdks/go/go_sdk.go:571.2,571.12 1 1
github.com/streamdal/streamdal/sdks/go/go_sdk.go:574.40,580.32 4 1
github.com/streamdal/streamdal/sdks/go/go_sdk.go:580.32,581.34 1 0
github.com/streamdal/streamdal/sdks/go/go_sdk.go:581.34,585.4 3 0
github.com/streamdal/streamdal/sdks/go/go_sdk.go:589.2,591.50 2 1
github.com/streamdal/streamdal/sdks/go/go_sdk.go:594.69,596.16 2 1
github.com/streamdal/streamdal/sdks/go/go_sdk.go:596.16,598.3 1 0
github.com/streamdal/streamdal/sdks/go/go_sdk.go:600.2,600.47 1 1
github.com/streamdal/streamdal/sdks/go/go_sdk.go:600.47,608.50 2 0
github.com/streamdal/streamdal/sdks/go/go_sdk.go:608.50,610.4 1 0
github.com/streamdal/streamdal/sdks/go/go_sdk.go:613.2,613.12 1 1
github.com/streamdal/streamdal/sdks/go/go_sdk.go:616.59,618.25 2 1
github.com/streamdal/streamdal/sdks/go/go_sdk.go:618.25,619.11 1 1
github.com/streamdal/streamdal/sdks/go/go_sdk.go:619.11,622.4 2 0
github.com/streamdal/streamdal/sdks/go/go_sdk.go:624.3,624.10 1 1
github.com/streamdal/streamdal/sdks/go/go_sdk.go:625.38,628.14 3 1
github.com/streamdal/streamdal/sdks/go/go_sdk.go:629.11,629.11 0 1
github.com/streamdal/streamdal/sdks/go/go_sdk.go:633.3,640.76 2 1
github.com/streamdal/streamdal/sdks/go/go_sdk.go:640.76,641.59 1 1
github.com/streamdal/streamdal/sdks/go/go_sdk.go:641.59,646.5 3 0
github.com/streamdal/streamdal/sdks/go/go_sdk.go:647.4,647.63 1 1
github.com/streamdal/streamdal/sdks/go/go_sdk.go:650.3,650.13 1 1
github.com/streamdal/streamdal/sdks/go/go_sdk.go:653.2,653.43 1 1
github.com/streamdal/streamdal/sdks/go/go_sdk.go:657.215,662.16 3 1
github.com/streamdal/streamdal/sdks/go/go_sdk.go:662.16,664.3 1 0
github.com/streamdal/streamdal/sdks/go/go_sdk.go:666.2,680.16 6 1
github.com/streamdal/streamdal/sdks/go/go_sdk.go:680.16,682.3 1 0
github.com/streamdal/streamdal/sdks/go/go_sdk.go:684.2,689.16 4 1
github.com/streamdal/streamdal/sdks/go/go_sdk.go:689.16,691.3 1 0
github.com/streamdal/streamdal/sdks/go/go_sdk.go:693.2,694.57 2 1
github.com/streamdal/streamdal/sdks/go/go_sdk.go:694.57,696.3 1 0
github.com/streamdal/streamdal/sdks/go/go_sdk.go:700.2,702.18 2 1
github.com/streamdal/streamdal/sdks/go/go_sdk.go:705.96,712.9 5 1
github.com/streamdal/streamdal/sdks/go/go_sdk.go:712.9,714.3 1 1
github.com/streamdal/streamdal/sdks/go/go_sdk.go:716.2,716.18 1 1
github.com/streamdal/streamdal/sdks/go/go_sdk.go:719.104,728.21 2 1
github.com/streamdal/streamdal/sdks/go/go_sdk.go:728.21,731.3 2 1
github.com/streamdal/streamdal/sdks/go/go_sdk.go:733.2,733.10 1 1
github.com/streamdal/streamdal/sdks/go/go_sdk.go:736.69,737.30 1 1
github.com/streamdal/streamdal/sdks/go/go_sdk.go:737.30,738.56 1 0
github.com/streamdal/streamdal/sdks/go/go_sdk.go:741.2,746.3 1 1
github.com/streamdal/streamdal/sdks/go/go_sdk.go:748.88,749.23 1 1
github.com/streamdal/streamdal/sdks/go/go_sdk.go:750.16,752.36 1 1
github.com/streamdal/streamdal/sdks/go/go_sdk.go:753.17,762.4 2 0
github.com/streamdal/streamdal/sdks/go/go_sdk.go:763.10,771.4 1 0
github.com/streamdal/streamdal/sdks/go/go_sdk.go:775.41,776.53 1 0
github.com/streamdal/streamdal/sdks/go/go_sdk.go:776.53,778.3 1 0
github.com/streamdal/streamdal/sdks/go/go_sdk.go:781.50,784.6 2 0
github.com/streamdal/streamdal/sdks/go/go_sdk.go:784.6,785.10 1 0
github.com/streamdal/streamdal/sdks/go/go_sdk.go:786.38,788.10 2 0
github.com/streamdal/streamdal/sdks/go/go_sdk.go:789.27,791.54 2 0
github.com/streamdal/streamdal/sdks/go/go_sdk.go:796.106,803.14 2 1
github.com/streamdal/streamdal/sdks/go/go_sdk.go:803.14,807.3 3 1
github.com/streamdal/streamdal/sdks/go/go_sdk.go:809.2,809.24 1 1
github.com/streamdal/streamdal/sdks/go/go_sdk.go:809.24,815.3 4 0
github.com/streamdal/streamdal/sdks/go/go_sdk.go:817.2,817.52 1 1
github.com/streamdal/streamdal/sdks/go/go_sdk.go:817.52,822.3 3 1
github.com/streamdal/streamdal/sdks/go/go_sdk.go:824.2,830.15 4 1
github.com/streamdal/streamdal/sdks/go/go_sdk.go:830.15,832.3 1 1
github.com/streamdal/streamdal/sdks/go/go_sdk.go:835.2,841.48 6 1
github.com/streamdal/streamdal/sdks/go/go_sdk.go:841.48,847.3 5 1
github.com/streamdal/streamdal/sdks/go/go_sdk.go:850.2,863.25 4 1
github.com/streamdal/streamdal/sdks/go/go_sdk.go:863.25,868.3 2 0
github.com/streamdal/streamdal/sdks/go/go_sdk.go:870.2,870.38 1 1
github.com/streamdal/streamdal/sdks/go/go_sdk.go:870.38,878.3 5 0
github.com/streamdal/streamdal/sdks/go/go_sdk.go:880.2,887.37 3 1
github.com/streamdal/streamdal/sdks/go/go_sdk.go:887.37,904.39 8 1
github.com/streamdal/streamdal/sdks/go/go_sdk.go:904.39,913.11 4 1
github.com/streamdal/streamdal/sdks/go/go_sdk.go:914.37,927.26 7 1
github.com/streamdal/streamdal/sdks/go/go_sdk.go:927.26,929.34 1 0
github.com/streamdal/streamdal/sdks/go/go_sdk.go:929.34,931.7 1 0
github.com/streamdal/streamdal/sdks/go/go_sdk.go:931.12,933.7 1 0
github.com/streamdal/streamdal/sdks/go/go_sdk.go:935.6,937.23 2 0
github.com/streamdal/streamdal/sdks/go/go_sdk.go:938.11,938.29 1 1
github.com/streamdal/streamdal/sdks/go/go_sdk.go:938.29,945.6 3 0
github.com/streamdal/streamdal/sdks/go/go_sdk.go:948.5,948.129 1 1
github.com/streamdal/streamdal/sdks/go/go_sdk.go:949.12,949.12 0 1
github.com/streamdal/streamdal/sdks/go/go_sdk.go:955.4,956.18 2 1
github.com/streamdal/streamdal/sdks/go/go_sdk.go:956.18,970.26 7 0
github.com/streamdal/streamdal/sdks/go/go_sdk.go:970.26,979.58 2 0
github.com/streamdal/streamdal/sdks/go/go_sdk.go:979.58,981.7 1 0
github.com/streamdal/streamdal/sdks/go/go_sdk.go:981.12,983.7 1 0
github.com/streamdal/streamdal/sdks/go/go_sdk.go:985.6,987.23 2 0
github.com/streamdal/streamdal/sdks/go/go_sdk.go:988.11,988.29 1 0
github.com/streamdal/streamdal/sdks/go/go_sdk.go:988.29,997.6 4 0
github.com/streamdal/streamdal/sdks/go/go_sdk.go:1000.5,1004.13 3 0
github.com/streamdal/streamdal/sdks/go/go_sdk.go:1008.4,1008.39 1 1
github.com/streamdal/streamdal/sdks/go/go_sdk.go:1008.39,1010.5 1 1
github.com/streamdal/streamdal/sdks/go/go_sdk.go:1012.4,1013.18 2 1
github.com/streamdal/streamdal/sdks/go/go_sdk.go:1013.18,1017.5 1 1
github.com/streamdal/streamdal/sdks/go/go_sdk.go:1019.4,1027.29 2 1
github.com/streamdal/streamdal/sdks/go/go_sdk.go:1028.49,1035.59 5 1
github.com/streamdal/streamdal/sdks/go/go_sdk.go:1036.50,1043.60 5 1
github.com/streamdal/streamdal/sdks/go/go_sdk.go:1044.50,1051.60 5 1
github.com/streamdal/streamdal/sdks/go/go_sdk.go:1052.12,1054.118 2 0
github.com/streamdal/streamdal/sdks/go/go_sdk.go:1059.4,1073.61 7 1
github.com/streamdal/streamdal/sdks/go/go_sdk.go:1073.61,1075.5 1 1
github.com/streamdal/streamdal/sdks/go/go_sdk.go:1077.4,1077.25 1 1
github.com/streamdal/streamdal/sdks/go/go_sdk.go:1077.25,1086.57 2 0
github.com/streamdal/streamdal/sdks/go/go_sdk.go:1086.57,1088.6 1 0
github.com/streamdal/streamdal/sdks/go/go_sdk.go:1088.11,1090.6 1 0
github.com/streamdal/streamdal/sdks/go/go_sdk.go:1092.5,1094.22 2 0
github.com/streamdal/streamdal/sdks/go/go_sdk.go:1095.10,1095.28 1 1
github.com/streamdal/streamdal/sdks/go/go_sdk.go:1095.28,1104.5 4 1
github.com/streamdal/streamdal/sdks/go/go_sdk.go:1107.4,1109.93 2 1
github.com/streamdal/streamdal/sdks/go/go_sdk.go:1114.3,1117.44 2 1
github.com/streamdal/streamdal/sdks/go/go_sdk.go:1124.2,1124.21 1 1
github.com/streamdal/streamdal/sdks/go/go_sdk.go:1124.21,1126.3 1 0
github.com/streamdal/streamdal/sdks/go/go_sdk.go:1128.2,1128.13 1 1
github.com/streamdal/streamdal/sdks/go/go_sdk.go:1151.13,1153.21 1 1
github.com/streamdal/streamdal/sdks/go/go_sdk.go:1153.21,1155.3 1 1
github.com/streamdal/streamdal/sdks/go/go_sdk.go:1158.2,1158.54 1 1
github.com/streamdal/streamdal/sdks/go/go_sdk.go:1158.54,1161.94 2 1
github.com/streamdal/streamdal/sdks/go/go_sdk.go:1161.94,1163.4 1 0
github.com/streamdal/streamdal/sdks/go/go_sdk.go:1165.3,1172.113 2 1
github.com/streamdal/streamdal/sdks/go/go_sdk.go:1176.2,1176.32 1 1
github.com/streamdal/streamdal/sdks/go/go_sdk.go:1176.32,1179.3 2 0
github.com/streamdal/streamdal/sdks/go/go_sdk.go:1182.2,1182.75 1 1
github.com/streamdal/streamdal/sdks/go/go_sdk.go:1182.75,1188.3 2 1
github.com/streamdal/streamdal/sdks/go/go_sdk.go:1188.8,1188.78 1 1
github.com/streamdal/streamdal/sdks/go/go_sdk.go:1188.78,1194.3 2 1
github.com/streamdal/streamdal/sdks/go/go_sdk.go:1196.2,1199.20 2 1
github.com/streamdal/streamdal/sdks/go/go_sdk.go:1202.89,1203.36 1 0
github.com/streamdal/streamdal/sdks/go/go_sdk.go:1203.36,1205.3 1 0
github.com/streamdal/streamdal/sdks/go/go_sdk.go:1207.2,1207.29 1 0
github.com/streamdal/streamdal/sdks/go/go_sdk.go:1207.29,1208.27 1 0
github.com/streamdal/streamdal/sdks/go/go_sdk.go:1208.27,1210.4 1 0
github.com/streamdal/streamdal/sdks/go/go_sdk.go:1212.3,1212.23 1 0
github.com/streamdal/streamdal/sdks/go/go_sdk.go:1224.127,1226.27 1 1
github.com/streamdal/streamdal/sdks/go/go_sdk.go:1226.27,1228.3 1 0
github.com/streamdal/streamdal/sdks/go/go_sdk.go:1231.2,1231.65 1 1
github.com/streamdal/streamdal/sdks/go/go_sdk.go:1231.65,1234.3 2 0
github.com/streamdal/streamdal/sdks/go/go_sdk.go:1236.2,1236.23 1 1
github.com/streamdal/streamdal/sdks/go/go_sdk.go:1236.23,1243.36 3 1
github.com/streamdal/streamdal/sdks/go/go_sdk.go:1244.60,1245.36 1 0
github.com/streamdal/streamdal/sdks/go/go_sdk.go:1246.56,1247.32 1 1
github.com/streamdal/streamdal/sdks/go/go_sdk.go:1248.11,1249.33 1 1
github.com/streamdal/streamdal/sdks/go/go_sdk.go:1253.3,1253.38 1 1
github.com/streamdal/streamdal/sdks/go/go_sdk.go:1253.38,1255.39 1 1
github.com/streamdal/streamdal/sdks/go/go_sdk.go:1255.39,1257.5 1 1
github.com/streamdal/streamdal/sdks/go/go_sdk.go:1257.10,1260.5 1 0
github.com/streamdal/streamdal/sdks/go/go_sdk.go:1266.2,1266.17 1 1
github.com/streamdal/streamdal/sdks/go/go_sdk.go:1266.17,1272.3 3 1
github.com/streamdal/streamdal/sdks/go/go_sdk.go:1277.42,1278.22 1 1
github.com/streamdal/streamdal/sdks/go/go_sdk.go:1278.22,1280.3 1 1
github.com/streamdal/streamdal/sdks/go/go_sdk.go:1282.2,1282.26 1 0
github.com/streamdal/streamdal/sdks/go/register.go:19.56,28.2 1 1
github.com/streamdal/streamdal/sdks/go/register.go:30.60,40.41 3 1
github.com/streamdal/streamdal/sdks/go/register.go:40.41,44.3 3 0
github.com/streamdal/streamdal/sdks/go/register.go:45.2,58.16 4 1
github.com/streamdal/streamdal/sdks/go/register.go:58.16,60.3 1 0
github.com/streamdal/streamdal/sdks/go/register.go:62.2,64.27 2 1
github.com/streamdal/streamdal/sdks/go/register.go:64.27,65.11 1 1
github.com/streamdal/streamdal/sdks/go/register.go:65.11,68.4 2 1
github.com/streamdal/streamdal/sdks/go/register.go:72.3,72.20 1 1
github.com/streamdal/streamdal/sdks/go/register.go:72.20,75.53 2 0
github.com/streamdal/streamdal/sdks/go/register.go:75.53,79.5 3 0
github.com/streamdal/streamdal/sdks/go/register.go:81.4,84.18 3 0
github.com/streamdal/streamdal/sdks/go/register.go:84.18,85.64 1 0
github.com/streamdal/streamdal/sdks/go/register.go:85.64,91.6 4 0
github.com/streamdal/streamdal/sdks/go/register.go:93.5,96.15 3 0
github.com/streamdal/streamdal/sdks/go/register.go:99.4,106.40 3 0
github.com/streamdal/streamdal/sdks/go/register.go:110.3,111.17 2 1
github.com/streamdal/streamdal/sdks/go/register.go:111.17,115.55 1 1
github.com/streamdal/streamdal/sdks/go/register.go:115.55,121.5 4 0
github.com/streamdal/streamdal/sdks/go/register.go:123.4,123.75 1 1
github.com/streamdal/streamdal/sdks/go/register.go:123.75,128.5 4 1
github.com/streamdal/streamdal/sdks/go/register.go:131.4,134.65 2 0
github.com/streamdal/streamdal/sdks/go/register.go:134.65,136.5 1 0
github.com/streamdal/streamdal/sdks/go/register.go:136.10,136.68 1 0
github.com/streamdal/streamdal/sdks/go/register.go:136.68,138.5 1 0
github.com/streamdal/streamdal/sdks/go/register.go:138.10,140.5 1 0
github.com/streamdal/streamdal/sdks/go/register.go:142.4,144.14 2 0
github.com/streamdal/streamdal/sdks/go/register.go:149.3,151.64 2 1
github.com/streamdal/streamdal/sdks/go/register.go:151.64,154.4 2 1
github.com/streamdal/streamdal/sdks/go/register.go:156.3,156.13 1 0
github.com/streamdal/streamdal/sdks/go/register.go:159.2,159.21 1 1
github.com/streamdal/streamdal/sdks/go/register.go:159.21,163.3 1 0
github.com/streamdal/streamdal/sdks/go/register.go:165.2,167.12 2 1
github.com/streamdal/streamdal/sdks/go/register.go:170.83,171.16 1 1
github.com/streamdal/streamdal/sdks/go/register.go:171.16,174.3 2 1
github.com/streamdal/streamdal/sdks/go/register.go:176.2,176.31 1 1
github.com/streamdal/streamdal/sdks/go/register.go:176.31,179.3 2 1
github.com/streamdal/streamdal/sdks/go/register.go:181.2,181.77 1 1
github.com/streamdal/streamdal/sdks/go/register.go:181.77,184.3 2 1
github.com/streamdal/streamdal/sdks/go/register.go:186.2,188.28 2 1
github.com/streamdal/streamdal/sdks/go/register.go:189.36,191.33 2 0
github.com/streamdal/streamdal/sdks/go/register.go:192.26,194.44 2 0
github.com/streamdal/streamdal/sdks/go/register.go:195.28,197.38 2 0
github.com/streamdal/streamdal/sdks/go/register.go:198.39,200.49 2 0
github.com/streamdal/streamdal/sdks/go/register.go:201.10,202.61 1 1
github.com/streamdal/streamdal/sdks/go/register.go:205.2,205.12 1 1
github.com/streamdal/streamdal/sdks/go/register.go:208.98,209.16 1 0
github.com/streamdal/streamdal/sdks/go/register.go:209.16,211.3 1 0
github.com/streamdal/streamdal/sdks/go/register.go:213.2,213.37 1 0
github.com/streamdal/streamdal/sdks/go/register.go:213.37,215.3 1 0
github.com/streamdal/streamdal/sdks/go/register.go:217.2,218.25 2 0
github.com/streamdal/streamdal/sdks/go/register.go:218.25,221.3 2 0
github.com/streamdal/streamdal/sdks/go/register.go:223.2,223.32 1 0
github.com/streamdal/streamdal/sdks/go/register.go:223.32,226.3 2 0
github.com/streamdal/streamdal/sdks/go/register.go:228.2,228.12 1 0
github.com/streamdal/streamdal/sdks/go/register.go:231.85,234.17 2 0
github.com/streamdal/streamdal/sdks/go/register.go:234.17,237.3 2 0
github.com/streamdal/streamdal/sdks/go/register.go:239.2,239.30 1 0
github.com/streamdal/streamdal/sdks/go/register.go:239.30,242.3 2 0
github.com/streamdal/streamdal/sdks/go/register.go:244.2,248.32 3 0
github.com/streamdal/streamdal/sdks/go/register.go:249.54,251.54 2 0
github.com/streamdal/streamdal/sdks/go/register.go:252.53,254.53 2 0
github.com/streamdal/streamdal/sdks/go/register.go:255.54,257.54 2 0
github.com/streamdal/streamdal/sdks/go/register.go:258.55,260.55 2 0
github.com/streamdal/streamdal/sdks/go/register.go:261.10,262.77 1 0
github.com/streamdal/streamdal/sdks/go/register.go:265.2,265.12 1 0
github.com/streamdal/streamdal/sdks/go/register.go:268.84,269.47 1 1
github.com/streamdal/streamdal/sdks/go/register.go:269.47,271.3 1 0
github.com/streamdal/streamdal/sdks/go/register.go:273.2,273.36 1 1
github.com/streamdal/streamdal/sdks/go/register.go:273.36,274.51 1 1
github.com/streamdal/streamdal/sdks/go/register.go:274.51,276.12 2 0
github.com/streamdal/streamdal/sdks/go/register.go:279.3,279.19 1 1
github.com/streamdal/streamdal/sdks/go/register.go:280.75,282.50 2 1
github.com/streamdal/streamdal/sdks/go/register.go:283.41,285.29 2 1
github.com/streamdal/streamdal/sdks/go/register.go:286.45,288.16 2 1
github.com/streamdal/streamdal/sdks/go/register.go:289.11,291.12 2 0
github.com/streamdal/streamdal/sdks/go/register.go:295.2,295.12 1 1
github.com/streamdal/streamdal/sdks/go/register.go:298.80,299.16 1 1
github.com/streamdal/streamdal/sdks/go/register.go:299.16,301.3 1 1
github.com/streamdal/streamdal/sdks/go/register.go:303.2,303.58 1 1
github.com/streamdal/streamdal/sdks/go/register.go:303.58,305.3 1 0
github.com/streamdal/streamdal/sdks/go/register.go:307.2,307.52 1 1
github.com/streamdal/streamdal/sdks/go/register.go:307.52,309.32 1 1
github.com/streamdal/streamdal/sdks/go/register.go:309.32,311.11 2 0
github.com/streamdal/streamdal/sdks/go/register.go:311.11,313.5 1 0
github.com/streamdal/streamdal/sdks/go/register.go:315.4,315.36 1 0
github.com/streamdal/streamdal/sdks/go/register.go:319.2,326.12 5 1
github.com/streamdal/streamdal/sdks/go/schema.go:9.79,14.9 4 1
github.com/streamdal/streamdal/sdks/go/schema.go:14.9,16.3 1 1
github.com/streamdal/streamdal/sdks/go/schema.go:18.2,18.26 1 1
github.com/streamdal/streamdal/sdks/go/schema.go:21.87,28.2 3 1
github.com/streamdal/streamdal/sdks/go/schema.go:31.136,34.24 2 1
github.com/streamdal/streamdal/sdks/go/schema.go:34.24,37.3 1 1
github.com/streamdal/streamdal/sdks/go/schema.go:39.2,39.62 1 1
github.com/streamdal/streamdal/sdks/go/schema.go:39.62,41.3 1 1
github.com/streamdal/streamdal/sdks/go/schema.go:44.2,46.55 2 1
github.com/streamdal/streamdal/sdks/go/schema.go:46.55,49.3 1 0
github.com/streamdal/streamdal/sdks/go/schema.go:52.2,54.12 2 1
github.com/streamdal/streamdal/sdks/go/schema.go:54.12,56.17 2 1
github.com/streamdal/streamdal/sdks/go/schema.go:56.17,58.4 1 0
github.com/streamdal/streamdal/sdks/go/schema.go:60.3,60.78 1 1
github.com/streamdal/streamdal/sdks/go/schema.go:63.2,63.13 1 1
github.com/streamdal/streamdal/sdks/go/tail.go:48.34,50.22 1 1
github.com/streamdal/streamdal/sdks/go/tail.go:50.22,52.3 1 1
github.com/streamdal/streamdal/sdks/go/tail.go:54.2,54.26 1 0
github.com/streamdal/streamdal/sdks/go/tail.go:57.117,59.21 2 1
github.com/streamdal/streamdal/sdks/go/tail.go:59.21,61.3 1 1
github.com/streamdal/streamdal/sdks/go/tail.go:63.2,63.29 1 1
github.com/streamdal/streamdal/sdks/go/tail.go:63.29,66.19 2 1
github.com/streamdal/streamdal/sdks/go/tail.go:66.19,69.46 2 1
github.com/streamdal/streamdal/sdks/go/tail.go:69.46,71.13 2 0
github.com/streamdal/streamdal/sdks/go/tail.go:75.4,75.22 1 1
github.com/streamdal/streamdal/sdks/go/tail.go:78.3,78.25 1 1
github.com/streamdal/streamdal/sdks/go/tail.go:78.25,79.12 1 0
github.com/streamdal/streamdal/sdks/go/tail.go:82.3,93.24 2 1
github.com/streamdal/streamdal/sdks/go/tail.go:97.54,99.70 1 1
github.com/streamdal/streamdal/sdks/go/tail.go:99.70,107.3 3 1
github.com/streamdal/streamdal/sdks/go/tail.go:109.2,110.24 2 1
github.com/streamdal/streamdal/sdks/go/tail.go:113.37,114.38 1 1
github.com/streamdal/streamdal/sdks/go/tail.go:114.38,117.17 2 1
github.com/streamdal/streamdal/sdks/go/tail.go:117.17,119.4 1 0
github.com/streamdal/streamdal/sdks/go/tail.go:121.3,123.35 2 1
github.com/streamdal/streamdal/sdks/go/tail.go:126.2,126.12 1 1
github.com/streamdal/streamdal/sdks/go/tail.go:129.91,130.19 1 1
github.com/streamdal/streamdal/sdks/go/tail.go:130.19,133.3 2 1
github.com/streamdal/streamdal/sdks/go/tail.go:137.2,141.27 3 0
github.com/streamdal/streamdal/sdks/go/tail.go:141.27,142.11 1 0
github.com/streamdal/streamdal/sdks/go/tail.go:142.11,145.4 2 0
github.com/streamdal/streamdal/sdks/go/tail.go:147.3,147.10 1 0
github.com/streamdal/streamdal/sdks/go/tail.go:148.29,152.14 4 0
github.com/streamdal/streamdal/sdks/go/tail.go:153.34,157.14 4 0
github.com/streamdal/streamdal/sdks/go/tail.go:158.31,159.44 1 0
github.com/streamdal/streamdal/sdks/go/tail.go:159.44,160.54 1 0
github.com/streamdal/streamdal/sdks/go/tail.go:160.54,163.6 2 0
github.com/streamdal/streamdal/sdks/go/tail.go:164.5,164.60 1 0
github.com/streamdal/streamdal/sdks/go/tail.go:164.60,169.6 3 0
github.com/streamdal/streamdal/sdks/go/tail.go:170.5,170.48 1 0
github.com/streamdal/streamdal/sdks/go/tail.go:173.3,173.13 1 0
github.com/streamdal/streamdal/sdks/go/tail.go:180.84,181.62 1 1
github.com/streamdal/streamdal/sdks/go/tail.go:181.62,183.3 1 0
github.com/streamdal/streamdal/sdks/go/tail.go:186.2,215.79 5 1
github.com/streamdal/streamdal/sdks/go/tail.go:215.79,219.3 2 0
github.com/streamdal/streamdal/sdks/go/tail.go:222.2,224.12 2 1
github.com/streamdal/streamdal/sdks/go/tail.go:227.83,228.61 1 1
github.com/streamdal/streamdal/sdks/go/tail.go:228.61,230.3 1 0
github.com/streamdal/streamdal/sdks/go/tail.go:232.2,236.21 4 1
github.com/streamdal/streamdal/sdks/go/tail.go:236.21,239.3 2 1
github.com/streamdal/streamdal/sdks/go/tail.go:241.2,241.41 1 1
github.com/streamdal/streamdal/sdks/go/tail.go:241.41,244.3 1 1
github.com/streamdal/streamdal/sdks/go/tail.go:246.2,247.47 2 1
github.com/streamdal/streamdal/sdks/go/tail.go:247.47,250.3 1 0
github.com/streamdal/streamdal/sdks/go/tail.go:252.2,255.12 3 1
github.com/streamdal/streamdal/sdks/go/tail.go:259.80,264.8 4 1
github.com/streamdal/streamdal/sdks/go/tail.go:264.8,266.3 1 1
github.com/streamdal/streamdal/sdks/go/tail.go:268.2,268.12 1 1
github.com/streamdal/streamdal/sdks/go/tail.go:271.86,276.8 4 1
github.com/streamdal/streamdal/sdks/go/tail.go:276.8,278.3 1 0
github.com/streamdal/streamdal/sdks/go/tail.go:280.2,280.12 1 1
github.com/streamdal/streamdal/sdks/go/tail.go:283.75,289.35 4 1
github.com/streamdal/streamdal/sdks/go/tail.go:289.35,291.3 1 0
github.com/streamdal/streamdal/sdks/go/tail.go:293.2,295.31 2 1
github.com/streamdal/streamdal/sdks/go/tail.go:295.31,297.3 1 1
github.com/streamdal/streamdal/sdks/go/tail.go:300.75,306.41 4 1
github.com/streamdal/streamdal/sdks/go/tail.go:306.41,308.3 1 1
github.com/streamdal/streamdal/sdks/go/tail.go:310.2,312.37 2 0
github.com/streamdal/streamdal/sdks/go/tail.go:312.37,314.3 1 0
github.com/streamdal/streamdal/sdks/go/tail.go:317.47,325.35 5 1
github.com/streamdal/streamdal/sdks/go/tail.go:325.35,327.3 1 1
github.com/streamdal/streamdal/sdks/go/tail.go:329.2,329.31 1 1
github.com/streamdal/streamdal/sdks/go/tail.go:332.47,340.41 5 0
github.com/streamdal/streamdal/sdks/go/tail.go:340.41,342.3 1 0
github.com/streamdal/streamdal/sdks/go/tail.go:344.2,344.37 1 0
github.com/streamdal/streamdal/sdks/go/tail.go:347.84,348.62 1 0
github.com/streamdal/streamdal/sdks/go/tail.go:348.62,350.3 1 0
github.com/streamdal/streamdal/sdks/go/tail.go:352.2,356.21 4 0
github.com/streamdal/streamdal/sdks/go/tail.go:356.21,359.3 2 0
github.com/streamdal/streamdal/sdks/go/tail.go:361.2,362.9 2 0
github.com/streamdal/streamdal/sdks/go/tail.go:362.9,365.3 2 0
github.com/streamdal/streamdal/sdks/go/tail.go:368.2,375.12 4 0
github.com/streamdal/streamdal/sdks/go/tail.go:378.85,379.63 1 0
github.com/streamdal/streamdal/sdks/go/tail.go:379.63,381.3 1 0
github.com/streamdal/streamdal/sdks/go/tail.go:383.2,387.21 4 0
github.com/streamdal/streamdal/sdks/go/tail.go:387.21,390.3 2 0
github.com/streamdal/streamdal/sdks/go/tail.go:392.2,393.9 2 0
github.com/streamdal/streamdal/sdks/go/tail.go:393.9,396.3 2 0
github.com/streamdal/streamdal/sdks/go/tail.go:399.2,406.12 4 0
