mode: set
github.com/batchcorp/plumber/backends/mqtt/read.go:18.151,19.54 1 1
github.com/batchcorp/plumber/backends/mqtt/read.go:23.2,26.60 3 1
github.com/batchcorp/plumber/backends/mqtt/read.go:63.2,66.38 3 1
github.com/batchcorp/plumber/backends/mqtt/read.go:70.2,72.12 2 1
github.com/batchcorp/plumber/backends/mqtt/read.go:19.54,21.3 1 1
github.com/batchcorp/plumber/backends/mqtt/read.go:26.60,30.17 3 1
github.com/batchcorp/plumber/backends/mqtt/read.go:37.3,58.27 3 1
github.com/batchcorp/plumber/backends/mqtt/read.go:30.17,35.4 1 1
github.com/batchcorp/plumber/backends/mqtt/read.go:58.27,60.4 1 1
github.com/batchcorp/plumber/backends/mqtt/read.go:66.38,68.3 1 1
github.com/batchcorp/plumber/backends/mqtt/read.go:75.60,76.21 1 1
github.com/batchcorp/plumber/backends/mqtt/read.go:80.2,80.26 1 1
github.com/batchcorp/plumber/backends/mqtt/read.go:84.2,85.17 2 1
github.com/batchcorp/plumber/backends/mqtt/read.go:89.2,89.22 1 1
github.com/batchcorp/plumber/backends/mqtt/read.go:93.2,93.12 1 1
github.com/batchcorp/plumber/backends/mqtt/read.go:76.21,78.3 1 1
github.com/batchcorp/plumber/backends/mqtt/read.go:80.26,82.3 1 1
github.com/batchcorp/plumber/backends/mqtt/read.go:85.17,87.3 1 1
github.com/batchcorp/plumber/backends/mqtt/read.go:89.22,91.3 1 1
github.com/batchcorp/plumber/backends/mqtt/relay.go:17.140,18.56 1 1
github.com/batchcorp/plumber/backends/mqtt/relay.go:22.2,22.60 1 1
github.com/batchcorp/plumber/backends/mqtt/relay.go:30.2,31.38 2 1
github.com/batchcorp/plumber/backends/mqtt/relay.go:35.2,38.12 3 1
github.com/batchcorp/plumber/backends/mqtt/relay.go:18.56,20.3 1 1
github.com/batchcorp/plumber/backends/mqtt/relay.go:22.60,28.3 2 1
github.com/batchcorp/plumber/backends/mqtt/relay.go:31.38,33.3 1 1
github.com/batchcorp/plumber/backends/mqtt/relay.go:41.63,42.22 1 1
github.com/batchcorp/plumber/backends/mqtt/relay.go:46.2,46.27 1 1
github.com/batchcorp/plumber/backends/mqtt/relay.go:50.2,50.32 1 1
github.com/batchcorp/plumber/backends/mqtt/relay.go:54.2,54.37 1 1
github.com/batchcorp/plumber/backends/mqtt/relay.go:58.2,58.12 1 1
github.com/batchcorp/plumber/backends/mqtt/relay.go:42.22,44.3 1 1
github.com/batchcorp/plumber/backends/mqtt/relay.go:46.27,48.3 1 1
github.com/batchcorp/plumber/backends/mqtt/relay.go:50.32,52.3 1 1
github.com/batchcorp/plumber/backends/mqtt/relay.go:54.37,56.3 1 1
github.com/batchcorp/plumber/backends/mqtt/write.go:16.148,17.56 1 1
github.com/batchcorp/plumber/backends/mqtt/write.go:21.2,23.31 2 1
github.com/batchcorp/plumber/backends/mqtt/write.go:39.2,39.12 1 1
github.com/batchcorp/plumber/backends/mqtt/write.go:17.56,19.3 1 1
github.com/batchcorp/plumber/backends/mqtt/write.go:23.31,26.34 2 1
github.com/batchcorp/plumber/backends/mqtt/write.go:32.3,32.27 1 1
github.com/batchcorp/plumber/backends/mqtt/write.go:26.34,30.4 3 1
github.com/batchcorp/plumber/backends/mqtt/write.go:32.27,36.4 3 1
github.com/batchcorp/plumber/backends/mqtt/write.go:42.63,43.22 1 1
github.com/batchcorp/plumber/backends/mqtt/write.go:47.2,47.27 1 1
github.com/batchcorp/plumber/backends/mqtt/write.go:51.2,52.17 2 1
github.com/batchcorp/plumber/backends/mqtt/write.go:56.2,56.22 1 1
github.com/batchcorp/plumber/backends/mqtt/write.go:60.2,60.35 1 1
github.com/batchcorp/plumber/backends/mqtt/write.go:64.2,64.12 1 1
github.com/batchcorp/plumber/backends/mqtt/write.go:43.22,45.3 1 1
github.com/batchcorp/plumber/backends/mqtt/write.go:47.27,49.3 1 1
github.com/batchcorp/plumber/backends/mqtt/write.go:52.17,54.3 1 1
github.com/batchcorp/plumber/backends/mqtt/write.go:56.22,58.3 1 1
github.com/batchcorp/plumber/backends/mqtt/write.go:60.35,62.3 1 1
github.com/batchcorp/plumber/backends/mqtt/display.go:15.62,16.48 1 0
github.com/batchcorp/plumber/backends/mqtt/display.go:20.2,21.19 2 0
github.com/batchcorp/plumber/backends/mqtt/display.go:25.2,36.12 4 0
github.com/batchcorp/plumber/backends/mqtt/display.go:16.48,18.3 1 0
github.com/batchcorp/plumber/backends/mqtt/display.go:21.19,23.3 1 0
github.com/batchcorp/plumber/backends/mqtt/display.go:40.61,43.2 2 0
github.com/batchcorp/plumber/backends/mqtt/display.go:45.56,46.16 1 0
github.com/batchcorp/plumber/backends/mqtt/display.go:50.2,50.26 1 0
github.com/batchcorp/plumber/backends/mqtt/display.go:54.2,54.12 1 0
github.com/batchcorp/plumber/backends/mqtt/display.go:46.16,48.3 1 0
github.com/batchcorp/plumber/backends/mqtt/display.go:50.26,52.3 1 0
github.com/batchcorp/plumber/backends/mqtt/dynamic.go:16.114,17.60 1 1
github.com/batchcorp/plumber/backends/mqtt/dynamic.go:21.2,30.6 6 1
github.com/batchcorp/plumber/backends/mqtt/dynamic.go:17.60,19.3 1 1
github.com/batchcorp/plumber/backends/mqtt/dynamic.go:30.6,31.10 1 1
github.com/batchcorp/plumber/backends/mqtt/dynamic.go:32.33,35.35 2 1
github.com/batchcorp/plumber/backends/mqtt/dynamic.go:40.4,40.28 1 1
github.com/batchcorp/plumber/backends/mqtt/dynamic.go:44.4,44.96 1 1
github.com/batchcorp/plumber/backends/mqtt/dynamic.go:45.21,47.14 2 1
github.com/batchcorp/plumber/backends/mqtt/dynamic.go:35.35,38.5 1 1
github.com/batchcorp/plumber/backends/mqtt/dynamic.go:40.28,42.5 1 1
github.com/batchcorp/plumber/backends/mqtt/dynamic.go:52.69,53.24 1 1
github.com/batchcorp/plumber/backends/mqtt/dynamic.go:57.2,57.29 1 1
github.com/batchcorp/plumber/backends/mqtt/dynamic.go:61.2,61.34 1 1
github.com/batchcorp/plumber/backends/mqtt/dynamic.go:65.2,65.39 1 1
github.com/batchcorp/plumber/backends/mqtt/dynamic.go:69.2,69.12 1 1
github.com/batchcorp/plumber/backends/mqtt/dynamic.go:53.24,55.3 1 1
github.com/batchcorp/plumber/backends/mqtt/dynamic.go:57.29,59.3 1 1
github.com/batchcorp/plumber/backends/mqtt/dynamic.go:61.34,63.3 1 1
github.com/batchcorp/plumber/backends/mqtt/dynamic.go:65.39,67.3 1 1
github.com/batchcorp/plumber/backends/mqtt/mqtt.go:50.59,51.55 1 1
github.com/batchcorp/plumber/backends/mqtt/mqtt.go:55.2,56.16 2 1
github.com/batchcorp/plumber/backends/mqtt/mqtt.go:60.2,61.16 2 0
github.com/batchcorp/plumber/backends/mqtt/mqtt.go:65.2,69.81 3 0
github.com/batchcorp/plumber/backends/mqtt/mqtt.go:73.2,73.38 1 0
github.com/batchcorp/plumber/backends/mqtt/mqtt.go:77.2,82.8 1 0
github.com/batchcorp/plumber/backends/mqtt/mqtt.go:51.55,53.3 1 1
github.com/batchcorp/plumber/backends/mqtt/mqtt.go:56.16,58.3 1 1
github.com/batchcorp/plumber/backends/mqtt/mqtt.go:61.16,63.3 1 0
github.com/batchcorp/plumber/backends/mqtt/mqtt.go:69.81,71.3 1 0
github.com/batchcorp/plumber/backends/mqtt/mqtt.go:73.38,75.3 1 0
github.com/batchcorp/plumber/backends/mqtt/mqtt.go:85.30,87.2 1 1
github.com/batchcorp/plumber/backends/mqtt/mqtt.go:89.47,92.2 2 1
github.com/batchcorp/plumber/backends/mqtt/mqtt.go:94.46,96.2 1 1
github.com/batchcorp/plumber/backends/mqtt/mqtt.go:98.94,101.48 2 1
github.com/batchcorp/plumber/backends/mqtt/mqtt.go:105.2,105.25 1 1
github.com/batchcorp/plumber/backends/mqtt/mqtt.go:114.2,118.20 3 1
github.com/batchcorp/plumber/backends/mqtt/mqtt.go:124.2,124.38 1 1
github.com/batchcorp/plumber/backends/mqtt/mqtt.go:128.2,130.18 2 1
github.com/batchcorp/plumber/backends/mqtt/mqtt.go:101.48,103.3 1 1
github.com/batchcorp/plumber/backends/mqtt/mqtt.go:105.25,107.17 2 1
github.com/batchcorp/plumber/backends/mqtt/mqtt.go:111.3,111.31 1 1
github.com/batchcorp/plumber/backends/mqtt/mqtt.go:107.17,109.4 1 1
github.com/batchcorp/plumber/backends/mqtt/mqtt.go:118.20,122.3 3 1
github.com/batchcorp/plumber/backends/mqtt/mqtt.go:124.38,126.3 1 1
github.com/batchcorp/plumber/backends/mqtt/mqtt.go:133.66,140.49 4 1
github.com/batchcorp/plumber/backends/mqtt/mqtt.go:162.2,163.16 2 1
github.com/batchcorp/plumber/backends/mqtt/mqtt.go:168.2,174.8 1 1
github.com/batchcorp/plumber/backends/mqtt/mqtt.go:140.49,143.17 2 1
github.com/batchcorp/plumber/backends/mqtt/mqtt.go:147.3,148.17 2 1
github.com/batchcorp/plumber/backends/mqtt/mqtt.go:143.17,145.4 1 1
github.com/batchcorp/plumber/backends/mqtt/mqtt.go:148.17,150.4 1 1
github.com/batchcorp/plumber/backends/mqtt/mqtt.go:151.8,156.17 3 1
github.com/batchcorp/plumber/backends/mqtt/mqtt.go:156.17,158.4 1 1
github.com/batchcorp/plumber/backends/mqtt/mqtt.go:163.16,165.3 1 0
github.com/batchcorp/plumber/backends/mqtt/mqtt.go:177.67,178.21 1 1
github.com/batchcorp/plumber/backends/mqtt/mqtt.go:182.2,182.26 1 1
github.com/batchcorp/plumber/backends/mqtt/mqtt.go:186.2,187.21 2 1
github.com/batchcorp/plumber/backends/mqtt/mqtt.go:191.2,191.48 1 1
github.com/batchcorp/plumber/backends/mqtt/mqtt.go:205.2,205.12 1 1
github.com/batchcorp/plumber/backends/mqtt/mqtt.go:178.21,180.3 1 1
github.com/batchcorp/plumber/backends/mqtt/mqtt.go:182.26,184.3 1 1
github.com/batchcorp/plumber/backends/mqtt/mqtt.go:187.21,189.3 1 1
github.com/batchcorp/plumber/backends/mqtt/mqtt.go:191.48,192.46 1 1
github.com/batchcorp/plumber/backends/mqtt/mqtt.go:196.3,196.47 1 1
github.com/batchcorp/plumber/backends/mqtt/mqtt.go:200.3,200.43 1 1
github.com/batchcorp/plumber/backends/mqtt/mqtt.go:192.46,194.4 1 1
github.com/batchcorp/plumber/backends/mqtt/mqtt.go:196.47,198.4 1 1
github.com/batchcorp/plumber/backends/mqtt/mqtt.go:200.43,202.4 1 1
